MIF/HEX Update report for SCOMP_SRAM
Fri Apr 03 15:00:50 2020
Quartus II Version 9.1 Build 350 03/24/2010 Service Pack 2 SJ Web Edition


---------------------
; Table of Contents ;
---------------------
  1. Legal Notice
  2. MIF/HEX Update Summary
  3. MIF/HEX Update Processed Files
  4. MIF/HEX Update Messages



----------------
; Legal Notice ;
----------------
Copyright (C) 1991-2010 Altera Corporation
Your use of Altera Corporation's design tools, logic functions 
and other software and tools, and its AMPP partner logic 
functions, and any output files from any of the foregoing 
(including device programming or simulation files), and any 
associated documentation or information are expressly subject 
to the terms and conditions of the Altera Program License 
Subscription Agreement, Altera MegaCore Function License 
Agreement, or other applicable license agreement, including, 
without limitation, that your use is for the sole purpose of 
programming logic devices manufactured by Altera and sold by 
Altera or its authorized distributors.  Please refer to the 
applicable agreement for further details.



+---------------------------------------------------------------+
; MIF/HEX Update Summary                                        ;
+-----------------------+---------------------------------------+
; MIF/HEX Update Status ; Successful - Fri Apr 03 15:00:50 2020 ;
; Revision Name         ; SCOMP_SRAM                            ;
; Top-level Entity Name ; SCOMP_SRAM                            ;
; Family                ; Cyclone II                            ;
; Device                ; EP2C35F672C6                          ;
+-----------------------+---------------------------------------+


+----------------------------------------------------------------------------------------------------------------+
; MIF/HEX Update Processed Files                                                                                 ;
+----------------------------------------------------------------------------------------------------------------+
; File Name                                                                                                      ;
+----------------------------------------------------------------------------------------------------------------+
; D:/Dropbox/NTU Modules/ECE2031 Digital Design Laboratory/Project/ECE2031-SRAM-Project/SRAM_sim/SRAMdemo_v0.mif ;
+----------------------------------------------------------------------------------------------------------------+


+-------------------------+
; MIF/HEX Update Messages ;
+-------------------------+
Info: *******************************************************************
Info: Running Quartus II MIF/HEX Update
    Info: Version 9.1 Build 350 03/24/2010 Service Pack 2 SJ Web Edition
    Info: Processing started: Fri Apr 03 15:00:50 2020
Info: Command: quartus_cdb SCOMP_SRAM -c SCOMP_SRAM --update_mif
Warning: 329 out of 2048 addresses are reinitialized. The latest initialized data will replace the existing data. There are 329 warnings found, and 10 warnings are reported.
    Warning: Memory Initialization File address 0 is reinitialized
    Warning: Memory Initialization File address 1 is reinitialized
    Warning: Memory Initialization File address 2 is reinitialized
    Warning: Memory Initialization File address 3 is reinitialized
    Warning: Memory Initialization File address 4 is reinitialized
    Warning: Memory Initialization File address 5 is reinitialized
    Warning: Memory Initialization File address 6 is reinitialized
    Warning: Memory Initialization File address 7 is reinitialized
    Warning: Memory Initialization File address 8 is reinitialized
    Warning: Memory Initialization File address 9 is reinitialized
Info: Processed the following Memory Initialization File(s)
    Info: Processed Memory Initialization File D:/Dropbox/NTU Modules/ECE2031 Digital Design Laboratory/Project/ECE2031-SRAM-Project/SRAM_sim/SRAMdemo_v0.mif
Info: Quartus II MIF/HEX Update was successful. 0 errors, 11 warnings
    Info: Peak virtual memory: 244 megabytes
    Info: Processing ended: Fri Apr 03 15:00:50 2020
    Info: Elapsed time: 00:00:00
    Info: Total CPU time (on all processors): 00:00:01


